Mono path[0] = 'D:/Unity/TinyEmpires/MLAgents/builds/exploration_hierachical_gamespaces2/Tiny Empires Singleplayer_Data/Managed'
Mono config path = 'D:/Unity/TinyEmpires/MLAgents/builds/exploration_hierachical_gamespaces2/MonoBleedingEdge/etc'
Initialize engine version: 2021.3.2f1 (d6360bedb9a0)
[Subsystems] Discovering subsystems at path D:/Unity/TinyEmpires/MLAgents/builds/exploration_hierachical_gamespaces2/Tiny Empires Singleplayer_Data/UnitySubsystems
GfxDevice: creating device client; threaded=1; jobified=1
Direct3D:
    Version:  Direct3D 11.0 [level 11.1]
    Renderer: AMD Radeon RX 6700 XT (ID=0x73df)
    Vendor:   ATI
    VRAM:     12243 MB
    Driver:   31.0.12015.1008
Begin MonoManager ReloadAssembly
- Completed reload, in  0.076 seconds
<RI> Initializing input.
<RI> Input initialized.
D3D11 device created for Microsoft Media Foundation video decoding.
<RI> Initialized touch support.
The referenced script (Match) on this Behaviour is missing!
The referenced script on this Behaviour (Game Object '<null>') is missing!
Odin Serializer ArchitectureInfo initialization with defaults (all unaligned read/writes disabled).
The referenced script on this Behaviour (Game Object '<null>') is missing!
The referenced script on this Behaviour (Game Object 'Match') is missing!
The referenced script (TE.VFXObjectUtility) on this Behaviour is missing!
The referenced script (JoinPanel) on this Behaviour is missing!
The referenced script on this Behaviour (Game Object 'Utility') is missing!
A scripted object (probably TE.VFXObjectUtility?) has a different serialization layout when loading. (Read 32 bytes but expected 60 bytes)
Did you #ifdef UNITY_EDITOR a section of your serialized properties in any of your scripts?
The referenced script on this Behaviour (Game Object 'Save') is missing!
The referenced script on this Behaviour (Game Object 'JoinPanel') is missing!
The referenced script on this Behaviour (Game Object 'Construction II') is missing!
The referenced script on this Behaviour (Game Object 'Infantry') is missing!
The referenced script on this Behaviour (Game Object 'HeavyCavalry') is missing!
The referenced script on this Behaviour (Game Object 'Construction') is missing!
The referenced script on this Behaviour (Game Object 'Cultivation') is missing!
The referenced script on this Behaviour (Game Object 'Education') is missing!
The referenced script on this Behaviour (Game Object 'Mining') is missing!
The referenced script on this Behaviour (Game Object 'Navigation') is missing!
The referenced script on this Behaviour (Game Object 'Exploration') is missing!
The referenced script on this Behaviour (Game Object 'Astronomy') is missing!
The referenced script on this Behaviour (Game Object 'Forestry') is missing!
The referenced script on this Behaviour (Game Object 'EliteInfantry') is missing!
The referenced script on this Behaviour (Game Object 'Sailing') is missing!
The referenced script on this Behaviour (Game Object 'Smithery') is missing!
The referenced script on this Behaviour (Game Object 'Archery') is missing!
The referenced script on this Behaviour (Game Object 'Writing') is missing!
The referenced script on this Behaviour (Game Object 'Fishing') is missing!
The referenced script on this Behaviour (Game Object 'Trade') is missing!
The referenced script on this Behaviour (Game Object 'Riding') is missing!
The referenced script on this Behaviour (Game Object 'Crossbows') is missing!
The referenced script on this Behaviour (Game Object 'Belief') is missing!
The referenced script on this Behaviour (Game Object 'Siege') is missing!
The referenced script on this Behaviour (Game Object 'Skilltree') is missing!
The referenced script on this Behaviour (Game Object 'Plunder') is missing!
The referenced script on this Behaviour (Game Object 'BuyTile') is missing!
The referenced script on this Behaviour (Game Object 'Heal') is missing!
The referenced script on this Behaviour (Game Object 'Leaderboard') is missing!
UnloadTime: 0.975800 ms
Odin Serializer detected whitelisted runtime platform WindowsPlayer and memory read test succeeded; enabling all unaligned memory read/writes.
InputType=Mouse
Setting up 6 worker threads for Enlighten.
Memory Statistics:
[ALLOC_TEMP_TLS] TLS Allocator
  StackAllocators : 
    [ALLOC_TEMP_MAIN]
      Peak usage frame count: [1.0 KB-2.0 KB]: 1 frames, [2.0 KB-4.0 KB]: 14368 frames, [4.0 KB-8.0 KB]: 2767 frames, [16.0 KB-32.0 KB]: 2 frames, [32.0 KB-64.0 KB]: 2312 frames, [64.0 KB-128.0 KB]: 1 frames, [2.0 MB-4.0 MB]: 1 frames
      Initial Block Size 4.0 MB
      Current Block Size 4.0 MB
      Peak Allocated Bytes 2.4 MB
      Overflow Count 0
    [ALLOC_TEMP_Loading.AsyncRead]
      Initial Block Size 64.0 KB
      Current Block Size 64.0 KB
      Peak Allocated Bytes 405 B
      Overflow Count 0
    [ALLOC_TEMP_Loading.PreloadManager]
      Initial Block Size 256.0 KB
      Current Block Size 456.0 KB
      Peak Allocated Bytes 327.8 KB
      Overflow Count 25
    [ALLOC_TEMP_Background Job.Worker 8]
      Initial Block Size 32.0 KB
      Current Block Size 32.0 KB
      Peak Allocated Bytes 54 B
      Overflow Count 0
    [ALLOC_TEMP_Job.Worker 6]
      Initial Block Size 256.0 KB
      Current Block Size 256.0 KB
      Peak Allocated Bytes 18.1 KB
      Overflow Count 0
    [ALLOC_TEMP_Job.Worker 0]
      Initial Block Size 256.0 KB
      Current Block Size 256.0 KB
      Peak Allocated Bytes 18.1 KB
      Overflow Count 0
    [ALLOC_TEMP_Background Job.Worker 10]
      Initial Block Size 32.0 KB
      Current Block Size 32.0 KB
      Peak Allocated Bytes 54 B
      Overflow Count 0
    [ALLOC_TEMP_Background Job.Worker 9]
      Initial Block Size 32.0 KB
      Current Block Size 32.0 KB
      Peak Allocated Bytes 54 B
      Overflow Count 0
    [ALLOC_TEMP_Job.Worker 5]
      Initial Block Size 256.0 KB
      Current Block Size 256.0 KB
      Peak Allocated Bytes 18.1 KB
      Overflow Count 0
    [ALLOC_TEMP_Background Job.Worker 14]
      Initial Block Size 32.0 KB
      Current Block Size 32.0 KB
      Peak Allocated Bytes 54 B
      Overflow Count 0
    [ALLOC_TEMP_Background Job.Worker 6]
      Initial Block Size 32.0 KB
      Current Block Size 32.0 KB
      Peak Allocated Bytes 54 B
      Overflow Count 0
    [ALLOC_TEMP_Job.Worker 4]
      Initial Block Size 256.0 KB
      Current Block Size 256.0 KB
      Peak Allocated Bytes 18.1 KB
      Overflow Count 0
    [ALLOC_TEMP_Job.Worker 3]
      Initial Block Size 256.0 KB
      Current Block Size 256.0 KB
      Peak Allocated Bytes 18.1 KB
      Overflow Count 0
    [ALLOC_TEMP_Background Job.Worker 12]
      Initial Block Size 32.0 KB
      Current Block Size 32.0 KB
      Peak Allocated Bytes 54 B
      Overflow Count 0
    [ALLOC_TEMP_EnlightenWorker] x 6
      Initial Block Size 64.0 KB
      Current Block Size 64.0 KB
      Peak Allocated Bytes 54 B
      Overflow Count 0
    [ALLOC_TEMP_Background Job.Worker 15]
      Initial Block Size 32.0 KB
      Current Block Size 32.0 KB
      Peak Allocated Bytes 54 B
      Overflow Count 0
    [ALLOC_TEMP_Background Job.Worker 1]
      Initial Block Size 32.0 KB
      Current Block Size 32.0 KB
      Peak Allocated Bytes 54 B
      Overflow Count 0
    [ALLOC_TEMP_Background Job.Worker 2]
      Initial Block Size 32.0 KB
      Current Block Size 32.0 KB
      Peak Allocated Bytes 54 B
      Overflow Count 0
    [ALLOC_TEMP_Background Job.Worker 7]
      Initial Block Size 32.0 KB
      Current Block Size 32.0 KB
      Peak Allocated Bytes 54 B
      Overflow Count 0
    [ALLOC_TEMP_UnityGfxDeviceWorker]
      Initial Block Size 256.0 KB
      Current Block Size 256.0 KB
      Peak Allocated Bytes 10.4 KB
      Overflow Count 0
    [ALLOC_TEMP_AssetGarbageCollectorHelper] x 11
      Initial Block Size 64.0 KB
      Current Block Size 64.0 KB
      Peak Allocated Bytes 0 B
      Overflow Count 0
    [ALLOC_TEMP_Background Job.Worker 5]
      Initial Block Size 32.0 KB
      Current Block Size 32.0 KB
      Peak Allocated Bytes 54 B
      Overflow Count 0
    [ALLOC_TEMP_Job.Worker 9]
      Initial Block Size 256.0 KB
      Current Block Size 256.0 KB
      Peak Allocated Bytes 18.1 KB
      Overflow Count 0
    [ALLOC_TEMP_Background Job.Worker 13]
      Initial Block Size 32.0 KB
      Current Block Size 32.0 KB
      Peak Allocated Bytes 54 B
      Overflow Count 0
    [ALLOC_TEMP_Job.Worker 8]
      Initial Block Size 256.0 KB
      Current Block Size 256.0 KB
      Peak Allocated Bytes 18.1 KB
      Overflow Count 0
    [ALLOC_TEMP_Job.Worker 7]
      Initial Block Size 256.0 KB
      Current Block Size 256.0 KB
      Peak Allocated Bytes 18.1 KB
      Overflow Count 0
    [ALLOC_TEMP_Job.Worker 1]
      Initial Block Size 256.0 KB
      Current Block Size 256.0 KB
      Peak Allocated Bytes 18.1 KB
      Overflow Count 0
    [ALLOC_TEMP_Job.Worker 2]
      Initial Block Size 256.0 KB
      Current Block Size 256.0 KB
      Peak Allocated Bytes 18.1 KB
      Overflow Count 0
    [ALLOC_TEMP_Background Job.Worker 3]
      Initial Block Size 32.0 KB
      Current Block Size 32.0 KB
      Peak Allocated Bytes 54 B
      Overflow Count 0
    [ALLOC_TEMP_Background Job.Worker 11]
      Initial Block Size 32.0 KB
      Current Block Size 32.0 KB
      Peak Allocated Bytes 54 B
      Overflow Count 0
    [ALLOC_TEMP_Job.Worker 10]
      Initial Block Size 256.0 KB
      Current Block Size 256.0 KB
      Peak Allocated Bytes 18.1 KB
      Overflow Count 0
    [ALLOC_TEMP_Background Job.Worker 0]
      Initial Block Size 32.0 KB
      Current Block Size 32.0 KB
      Peak Allocated Bytes 54 B
      Overflow Count 0
    [ALLOC_TEMP_Background Job.Worker 4]
      Initial Block Size 32.0 KB
      Current Block Size 32.0 KB
      Peak Allocated Bytes 54 B
      Overflow Count 0
    [ALLOC_TEMP_BatchDeleteObjects]
      Initial Block Size 64.0 KB
      Current Block Size 64.0 KB
      Peak Allocated Bytes 54 B
      Overflow Count 0
[ALLOC_DEFAULT] Dual Thread Allocator
  Peak main deferred allocation count 15616
    [ALLOC_BUCKET]
      Large Block size 4.0 MB
      Used Block count 1
      Peak Allocated bytes 3.9 MB
      Failed Allocations. Bucket layout:
        16B: 18 Subsections = 18432 buckets. Failed count: 0
        32B: 18 Subsections = 9216 buckets. Failed count: 0
        48B: 64 Subsections = 21845 buckets. Failed count: 586856
        64B: 27 Subsections = 6912 buckets. Failed count: 77034
        80B: 19 Subsections = 3891 buckets. Failed count: 0
        96B: 20 Subsections = 3413 buckets. Failed count: 0
        112B: 27 Subsections = 3949 buckets. Failed count: 0
        128B: 63 Subsections = 8064 buckets. Failed count: 47050
    [ALLOC_DEFAULT_MAIN]
      Peak usage frame count: [16.0 MB-32.0 MB]: 19452 frames
      Requested Block Size 16.0 MB
      Peak Block count 2
      Peak Allocated memory 23.0 MB
      Peak Large allocation bytes 0 B
    [ALLOC_DEFAULT_THREAD]
      Peak usage frame count: [16.0 MB-32.0 MB]: 19452 frames
      Requested Block Size 16.0 MB
      Peak Block count 1
      Peak Allocated memory 20.1 MB
      Peak Large allocation bytes 16.0 MB
[ALLOC_TEMP_JOB_1_FRAME]
  Initial Block Size 2.0 MB
  Used Block Count 1
  Overflow Count (too large) 0
  Overflow Count (full) 0
[ALLOC_TEMP_JOB_2_FRAMES]
  Initial Block Size 2.0 MB
  Used Block Count 1
  Overflow Count (too large) 0
  Overflow Count (full) 0
[ALLOC_TEMP_JOB_4_FRAMES (JobTemp)]
  Initial Block Size 2.0 MB
  Used Block Count 2
  Overflow Count (too large) 0
  Overflow Count (full) 0
[ALLOC_TEMP_JOB_ASYNC (Background)]
  Initial Block Size 1.0 MB
  Used Block Count 4
  Overflow Count (too large) 0
  Overflow Count (full) 0
[ALLOC_GFX] Dual Thread Allocator
  Peak main deferred allocation count 2
    [ALLOC_BUCKET]
      Large Block size 4.0 MB
      Used Block count 1
      Peak Allocated bytes 3.9 MB
      Failed Allocations. Bucket layout:
        16B: 18 Subsections = 18432 buckets. Failed count: 0
        32B: 18 Subsections = 9216 buckets. Failed count: 0
        48B: 64 Subsections = 21845 buckets. Failed count: 586856
        64B: 27 Subsections = 6912 buckets. Failed count: 77034
        80B: 19 Subsections = 3891 buckets. Failed count: 0
        96B: 20 Subsections = 3413 buckets. Failed count: 0
        112B: 27 Subsections = 3949 buckets. Failed count: 0
        128B: 63 Subsections = 8064 buckets. Failed count: 47050
    [ALLOC_GFX_MAIN]
      Peak usage frame count: [128.0 KB-256.0 KB]: 16499 frames, [256.0 KB-0.5 MB]: 2952 frames, [2.0 MB-4.0 MB]: 1 frames
      Requested Block Size 16.0 MB
      Peak Block count 1
      Peak Allocated memory 2.7 MB
      Peak Large allocation bytes 0 B
    [ALLOC_GFX_THREAD]
      Peak usage frame count: [8.0 MB-16.0 MB]: 19452 frames
      Requested Block Size 16.0 MB
      Peak Block count 1
      Peak Allocated memory 12.8 MB
      Peak Large allocation bytes 0 B
[ALLOC_CACHEOBJECTS] Dual Thread Allocator
  Peak main deferred allocation count 6
    [ALLOC_BUCKET]
      Large Block size 4.0 MB
      Used Block count 1
      Peak Allocated bytes 3.9 MB
      Failed Allocations. Bucket layout:
        16B: 18 Subsections = 18432 buckets. Failed count: 0
        32B: 18 Subsections = 9216 buckets. Failed count: 0
        48B: 64 Subsections = 21845 buckets. Failed count: 586856
        64B: 27 Subsections = 6912 buckets. Failed count: 77034
        80B: 19 Subsections = 3891 buckets. Failed count: 0
        96B: 20 Subsections = 3413 buckets. Failed count: 0
        112B: 27 Subsections = 3949 buckets. Failed count: 0
        128B: 63 Subsections = 8064 buckets. Failed count: 47050
    [ALLOC_CACHEOBJECTS_MAIN]
      Peak usage frame count: [8.0 MB-16.0 MB]: 19452 frames
      Requested Block Size 4.0 MB
      Peak Block count 3
      Peak Allocated memory 10.6 MB
      Peak Large allocation bytes 0 B
    [ALLOC_CACHEOBJECTS_THREAD]
      Peak usage frame count: [4.0 MB-8.0 MB]: 19452 frames
      Requested Block Size 4.0 MB
      Peak Block count 2
      Peak Allocated memory 7.0 MB
      Peak Large allocation bytes 0 B
[ALLOC_TYPETREE] Dual Thread Allocator
  Peak main deferred allocation count 0
    [ALLOC_BUCKET]
      Large Block size 4.0 MB
      Used Block count 1
      Peak Allocated bytes 3.9 MB
      Failed Allocations. Bucket layout:
        16B: 18 Subsections = 18432 buckets. Failed count: 0
        32B: 18 Subsections = 9216 buckets. Failed count: 0
        48B: 64 Subsections = 21845 buckets. Failed count: 586856
        64B: 27 Subsections = 6912 buckets. Failed count: 77034
        80B: 19 Subsections = 3891 buckets. Failed count: 0
        96B: 20 Subsections = 3413 buckets. Failed count: 0
        112B: 27 Subsections = 3949 buckets. Failed count: 0
        128B: 63 Subsections = 8064 buckets. Failed count: 47050
    [ALLOC_TYPETREE_MAIN]
      Peak usage frame count: [4.0 KB-8.0 KB]: 19452 frames
      Requested Block Size 2.0 MB
      Peak Block count 1
      Peak Allocated memory 8.0 KB
      Peak Large allocation bytes 0 B
    [ALLOC_TYPETREE_THREAD]
      Peak usage frame count: [8.0 KB-16.0 KB]: 19452 frames
      Requested Block Size 2.0 MB
      Peak Block count 1
      Peak Allocated memory 9.3 KB
      Peak Large allocation bytes 0 B
